<?xml version="1.0" encoding="UTF-8"?>
<!-- Generated by org.testng.reporters.JUnitReportReporter -->
<testsuite hostname="DESKTOP-SD43M7C" failures="0" tests="1" name="api.testcases.authentication" time="6.100" errors="0" timestamp="2025-06-29T21:10:43 IST" skipped="0">
  <testcase classname="api.testcases.authentication" name="bearerAuthentications" time="6.100"/>
  <system-out/>
</testsuite> <!-- api.testcases.authentication -->
