<?xml version="1.0" encoding="UTF-8"?>
<!-- Generated by org.testng.reporters.JUnitReportReporter -->
<testsuite hostname="DESKTOP-SD43M7C" failures="0" tests="1" name="test.practise.jsonSchemaValidator" time="5.986" errors="0" timestamp="2025-06-25T20:04:26 IST" skipped="0">
  <testcase classname="test.practise.jsonSchemaValidator" name="jsonScnemaVal" time="5.986"/>
  <system-out/>
</testsuite> <!-- test.practise.jsonSchemaValidator -->
