<?xml version="1.0" encoding="UTF-8"?>
<!-- Generated by org.testng.reporters.JUnitReportReporter -->
<testsuite hostname="DESKTOP-SD43M7C" failures="0" tests="1" name="test.practise.tcs" time="10.169" errors="0" timestamp="2025-06-25T16:52:14 IST" skipped="0">
  <testcase classname="test.practise.tcs" name="putUsers" time="10.169"/>
  <system-out/>
</testsuite> <!-- test.practise.tcs -->
