<?xml version="1.0" encoding="UTF-8"?>
<!-- Generated by org.testng.reporters.JUnitReportReporter -->
<testsuite hostname="DESKTOP-SD43M7C" failures="0" tests="2" name="test.practise.serializeAndDeserialize" time="0.490" errors="0" timestamp="2025-06-25T21:25:04 IST" skipped="0">
  <testcase classname="test.practise.serializeAndDeserialize" name="serializePojo2Json" time="0.044"/>
  <system-out/>
  <testcase classname="test.practise.serializeAndDeserialize" name="jsonToPojo" time="0.446"/>
  <system-out/>
</testsuite> <!-- test.practise.serializeAndDeserialize -->
