<?xml version="1.0" encoding="UTF-8"?>
<!-- Generated by org.testng.reporters.JUnitReportReporter -->
<testsuite hostname="DESKTOP-SD43M7C" failures="0" tests="1" name="test.practise.jsonResponseBody" time="8.831" errors="0" timestamp="2025-06-28T12:15:17 IST" skipped="0">
  <testcase classname="test.practise.jsonResponseBody" name="assertJSONResponse" time="8.831"/>
  <system-out/>
</testsuite> <!-- test.practise.jsonResponseBody -->
