<?xml version="1.0" encoding="UTF-8"?>
<!-- Generated by org.testng.reporters.JUnitReportReporter -->
<testsuite hostname="DESKTOP-SD43M7C" failures="0" tests="1" name="api.testcases.CreatePetDetails" time="9.755" errors="0" timestamp="2025-06-28T17:08:41 IST" skipped="0">
  <testcase classname="api.testcases.CreatePetDetails" name="getPetsByStatus" time="9.755"/>
  <system-out/>
</testsuite> <!-- api.testcases.CreatePetDetails -->
